
 *------------------------------------------------------------------------------------* 
 |                                                                                    | 
 |  *------------------------------------------------------------------------------*  | 
 |  |                                                                              |  | 
 |  |                                                                              |  | 
 |  |   PPP   Y   Y  TTTTT  H   H  III    A      Welcome to the Lund Monte Carlo!  |  | 
 |  |   P  P   Y Y     T    H   H   I    A A     This is PYTHIA version 8.315      |  | 
 |  |   PPP     Y      T    HHHHH   I   AAAAA    Last date of change: 27 May 2025  |  | 
 |  |   P       Y      T    H   H   I   A   A                                      |  | 
 |  |   P       Y      T    H   H  III  A   A    Now is 30 Jul 2025 at 16:11:14    |  | 
 |  |                                                                              |  | 
 |  |   Program documentation and an archive of historic versions is found on:     |  | 
 |  |                                                                              |  | 
 |  |                               https://pythia.org/                            |  | 
 |  |                                                                              |  | 
 |  |   PYTHIA is authored by a collaboration consisting of:                       |  | 
 |  |                                                                              |  | 
 |  |   Javira Altmann, Christian Bierlich, Naomi Cooke, Nishita Desai,            |  | 
 |  |   Ilkka Helenius, Philip Ilten, Leif Lonnblad, Stephen Mrenna,               |  | 
 |  |   Christian Preuss, Torbjorn Sjostrand, and Peter Skands.                    |  | 
 |  |                                                                              |  | 
 |  |   The complete list of authors, including contact information and            |  | 
 |  |   affiliations, can be found on https://pythia.org/.                         |  | 
 |  |   Problems or bugs should be reported on email at authors@pythia.org.        |  | 
 |  |                                                                              |  | 
 |  |   The main program reference is C. Bierlich et al,                           |  | 
 |  |   'A comprehensive guide to the physics and usage of Pythia 8.3',            |  | 
 |  |   SciPost Phys. Codebases 8-r8.3 (2022) [arXiv:2203.11601 [hep-ph]]          |  | 
 |  |                                                                              |  | 
 |  |   PYTHIA is released under the GNU General Public Licence version 2          |  | 
 |  |   or later. Please respect the MCnet Guidelines for Generator Authors        |  | 
 |  |   and Users.                                                                 |  | 
 |  |                                                                              |  | 
 |  |   Disclaimer: this program comes without any guarantees.                     |  | 
 |  |   Beware of errors and use common sense when interpreting results.           |  | 
 |  |                                                                              |  | 
 |  |   Copyright (C) 2025 Torbjorn Sjostrand                                      |  | 
 |  |                                                                              |  | 
 |  |                                                                              |  | 
 |  *------------------------------------------------------------------------------*  | 
 |                                                                                    | 
 *------------------------------------------------------------------------------------* 

Initialising PYTHIA for q-qbar hadronisation, string mass = 5.000

 *-------  PYTHIA Flag + Mode + Parm + Word + FVec + MVec + PVec + WVec Settings (changes only)  ------------------* 
 |                                                                                                                 | 
 | Name                                          |                      Now |      Default         Min         Max | 
 |                                               |                          |                                      | 
 | HadronLevel:Decay                             |                      off |           on                         | 
 | Next:numberCount                              |                   100000 |         1000           0             | 
 | ProcessLevel:all                              |                      off |           on                         | 
 | StringPT:sigma                                |                      0.0 |      0.33500         0.0     1.00000 | 
 | StringZ:useOldAExtra                          |                       on |          off                         | 
 |                                                                                                                 | 
 *-------  End PYTHIA Flag + Mode + Parm + Word + FVec + MVec + PVec + WVec Settings  -----------------------------* 

 --------  PYTHIA Particle Data Table (changed only)  ------------------------------------------------------------------------------
 
      id   name            antiName         spn chg col      m0        mWidth      mMin       mMax       tau0    res dec ext vis wid
             no onMode   bRatio   meMode     products 

 no particle data has been changed from its default value 

 --------  End PYTHIA Particle Data Table  -----------------------------------------------------------------------------------------


 --------  PYTHIA Event Listing  (complete event)  ---------------------------------------------------------------------------------
 
    no         id  name            status     mothers   daughters     colours      p_x        p_y        p_z         e          m 
     0         90  (system)           -11     0     0     0     0     0     0      0.000      0.000      0.000      5.000      5.000
     1          1  d                   23     0     0     0     0   101     0      0.000      0.000      2.500      2.500      0.000
     2         -1  dbar                23     0     0     0     0     0   101      0.000      0.000     -2.500      2.500      0.000
                                   Charge sum:  0.000           Momentum sum:      0.000      0.000      0.000      5.000      5.000

 --------  End PYTHIA Event Listing  -----------------------------------------------------------------------------------------------

 --------  PYTHIA Event Listing  (complete event)  ---------------------------------------------------------------------------------
 
    no         id  name            status     mothers   daughters     colours      p_x        p_y        p_z         e          m 
     0         90  (system)           -11     0     0     0     0     0     0      0.000      0.000      0.000      5.000      5.000
     1          1  (d)                -23     0     0     3     8   101     0      0.000      0.000      2.500      2.500      0.000
     2         -1  (dbar)             -23     0     0     3     8     0   101      0.000      0.000     -2.500      2.500      0.000
     3        111  pi0                 83     1     2     0     0     0     0      0.000      0.000      1.287      1.294      0.135
     4       -211  pi-                 83     1     2     0     0     0     0      0.000      0.000     -0.190      0.236      0.140
     5        331  eta'                83     1     2     0     0     0     0      0.000      0.000      0.238      0.987      0.958
     6       2112  n0                  84     1     2     0     0     0     0      0.000      0.000     -0.327      0.995      0.940
     7      -2112  nbar0               84     1     2     0     0     0     0      0.000      0.000     -0.775      1.218      0.940
     8        211  pi+                 84     1     2     0     0     0     0      0.000      0.000     -0.232      0.270      0.140
                                   Charge sum:  0.000           Momentum sum:      0.000      0.000      0.000      5.000      5.000

 --------  End PYTHIA Event Listing  -----------------------------------------------------------------------------------------------

 Pythia::next(): 100000 events have been generated 

 Pythia::next(): 200000 events have been generated 

 Pythia::next(): 300000 events have been generated 

 Pythia::next(): 400000 events have been generated 

 Pythia::next(): 500000 events have been generated 

 Pythia::next(): 600000 events have been generated 

 Pythia::next(): 700000 events have been generated 

 Pythia::next(): 800000 events have been generated 

 Pythia::next(): 900000 events have been generated 

 *-------  PYTHIA Error and Warning Messages Statistics  ----------------------------------------------------------* 
 |                                                                                                                 | 
 |  times   message                                                                                                | 
 |                                                                                                                 | 
 |      0   no errors or warnings to report                                                                        | 
 |                                                                                                                 | 
 *-------  End PYTHIA Error and Warning Messages Statistics  ------------------------------------------------------* 


  2025-07-30 16:11       Rapidity distribution dn/dy of primary hadrons

        2.32*10^ 5                                              X92      2X8                                            
        2.24*10^ 5                                              XXX     1XXX                                            
        2.16*10^ 5                                             XXXXX    XXXX9                                           
        2.08*10^ 5                                             XXXXX8  9XXXXX                                           
        2.00*10^ 5                                             XXXXXXX9XXXXXX                                           
        1.92*10^ 5                                            7XXXXXXXXXXXXXX6                                          
        1.84*10^ 5                                            XXXXXXXXXXXXXXXX                                          
        1.76*10^ 5                                            XXXXXXXXXXXXXXXX                                          
        1.68*10^ 5                                            XXXXXXXXXXXXXXXX                                          
        1.60*10^ 5                                            XXXXXXXXXXXXXXXX                                          
        1.52*10^ 5                                           5XXXXXXXXXXXXXXXX5                                         
        1.44*10^ 5                                           XXXXXXXXXXXXXXXXXX                                         
        1.36*10^ 5                                           XXXXXXXXXXXXXXXXXX                                         
        1.28*10^ 5                                           XXXXXXXXXXXXXXXXXX                                         
        1.20*10^ 5                                           XXXXXXXXXXXXXXXXXX                                         
        1.12*10^ 5                                          9XXXXXXXXXXXXXXXXXX8                                        
        1.04*10^ 5                                         1XXXXXXXXXXXXXXXXXXXX                                        
        0.96*10^ 5                                         XXXXXXXXXXXXXXXXXXXXXX                                       
        0.88*10^ 5                                         XXXXXXXXXXXXXXXXXXXXXX                                       
        0.80*10^ 5                                        5XXXXXXXXXXXXXXXXXXXXXX6                                      
        0.72*10^ 5                                      16XXXXXXXXXXXXXXXXXXXXXXXX61                                    
        0.64*10^ 5                                   247XXXXXXXXXXXXXXXXXXXXXXXXXXXX741                                 
        0.56*10^ 5                                   XXXXXXXXXXXXXXXXXXXXXXXXXXXXXXXXXX                                 
        0.48*10^ 5                                  2XXXXXXXXXXXXXXXXXXXXXXXXXXXXXXXXXX3                                
        0.40*10^ 5                                  XXXXXXXXXXXXXXXXXXXXXXXXXXXXXXXXXXXX                                
        0.32*10^ 5                                  XXXXXXXXXXXXXXXXXXXXXXXXXXXXXXXXXXXX                                
        0.24*10^ 5                                  XXXXXXXXXXXXXXXXXXXXXXXXXXXXXXXXXXXX                                
        0.16*10^ 5                                  XXXXXXXXXXXXXXXXXXXXXXXXXXXXXXXXXXXX                                
        0.08*10^ 5                                 1XXXXXXXXXXXXXXXXXXXXXXXXXXXXXXXXXXXX1                               

          Contents                                                                                                      
            *10^ 5  0000000000000000000000000000000000000000111222222112222221110000000000000000000000000000000000000000
            *10^ 4  0000000000000000000000000000000045566679148133210990123318419766655400000000000000000000000000000000
            *10^ 3  0000000000000000000000000000000017815966089510566986652059706685197200000000000000000000000000000000
            *10^ 2  0000000000000000000000000000000664951015804689620999952340772571402260000000000000000000000000000000

          Low edge  --------------------------------------------------                                                  
            *10^ 1  1000000000000000000000000000000000000000000000000000000000000000000000000000000000000000000000000000
            *10^ 0  0999998888877777666665555544444333332222211111000000000111112222233333444445555566666777778888899999
            *10^-1  0864208642086420864208642086420864208642086420864202468024680246802468024680246802468024680246802468

   Entries  =   5001195   xMin =   -10.000   Underflow = 0.000e+00   Mean   =-3.545e-05   RMS  = 1.579e+00
   SumW(in) = 5.001e+06   xMax =    10.000   Overflow  = 0.000e+00   Median =-1.386e-04   nEff = 5.001e+06

 *------------------------------------------------------------------------------------* 
 |                                                                                    | 
 |  *------------------------------------------------------------------------------*  | 
 |  |                                                                              |  | 
 |  |                                                                              |  | 
 |  |   PPP   Y   Y  TTTTT  H   H  III    A      Welcome to the Lund Monte Carlo!  |  | 
 |  |   P  P   Y Y     T    H   H   I    A A     This is PYTHIA version 8.315      |  | 
 |  |   PPP     Y      T    HHHHH   I   AAAAA    Last date of change: 27 May 2025  |  | 
 |  |   P       Y      T    H   H   I   A   A                                      |  | 
 |  |   P       Y      T    H   H  III  A   A    Now is 30 Jul 2025 at 16:11:26    |  | 
 |  |                                                                              |  | 
 |  |   Program documentation and an archive of historic versions is found on:     |  | 
 |  |                                                                              |  | 
 |  |                               https://pythia.org/                            |  | 
 |  |                                                                              |  | 
 |  |   PYTHIA is authored by a collaboration consisting of:                       |  | 
 |  |                                                                              |  | 
 |  |   Javira Altmann, Christian Bierlich, Naomi Cooke, Nishita Desai,            |  | 
 |  |   Ilkka Helenius, Philip Ilten, Leif Lonnblad, Stephen Mrenna,               |  | 
 |  |   Christian Preuss, Torbjorn Sjostrand, and Peter Skands.                    |  | 
 |  |                                                                              |  | 
 |  |   The complete list of authors, including contact information and            |  | 
 |  |   affiliations, can be found on https://pythia.org/.                         |  | 
 |  |   Problems or bugs should be reported on email at authors@pythia.org.        |  | 
 |  |                                                                              |  | 
 |  |   The main program reference is C. Bierlich et al,                           |  | 
 |  |   'A comprehensive guide to the physics and usage of Pythia 8.3',            |  | 
 |  |   SciPost Phys. Codebases 8-r8.3 (2022) [arXiv:2203.11601 [hep-ph]]          |  | 
 |  |                                                                              |  | 
 |  |   PYTHIA is released under the GNU General Public Licence version 2          |  | 
 |  |   or later. Please respect the MCnet Guidelines for Generator Authors        |  | 
 |  |   and Users.                                                                 |  | 
 |  |                                                                              |  | 
 |  |   Disclaimer: this program comes without any guarantees.                     |  | 
 |  |   Beware of errors and use common sense when interpreting results.           |  | 
 |  |                                                                              |  | 
 |  |   Copyright (C) 2025 Torbjorn Sjostrand                                      |  | 
 |  |                                                                              |  | 
 |  |                                                                              |  | 
 |  *------------------------------------------------------------------------------*  | 
 |                                                                                    | 
 *------------------------------------------------------------------------------------* 

Initialising PYTHIA for q-qbar hadronisation, string mass = 20.000

 *-------  PYTHIA Flag + Mode + Parm + Word + FVec + MVec + PVec + WVec Settings (changes only)  ------------------* 
 |                                                                                                                 | 
 | Name                                          |                      Now |      Default         Min         Max | 
 |                                               |                          |                                      | 
 | HadronLevel:Decay                             |                      off |           on                         | 
 | Next:numberCount                              |                   100000 |         1000           0             | 
 | ProcessLevel:all                              |                      off |           on                         | 
 | StringPT:sigma                                |                      0.0 |      0.33500         0.0     1.00000 | 
 | StringZ:useOldAExtra                          |                       on |          off                         | 
 |                                                                                                                 | 
 *-------  End PYTHIA Flag + Mode + Parm + Word + FVec + MVec + PVec + WVec Settings  -----------------------------* 

 --------  PYTHIA Particle Data Table (changed only)  ------------------------------------------------------------------------------
 
      id   name            antiName         spn chg col      m0        mWidth      mMin       mMax       tau0    res dec ext vis wid
             no onMode   bRatio   meMode     products 

 no particle data has been changed from its default value 

 --------  End PYTHIA Particle Data Table  -----------------------------------------------------------------------------------------


 --------  PYTHIA Event Listing  (complete event)  ---------------------------------------------------------------------------------
 
    no         id  name            status     mothers   daughters     colours      p_x        p_y        p_z         e          m 
     0         90  (system)           -11     0     0     0     0     0     0      0.000      0.000      0.000     20.000     20.000
     1          1  d                   23     0     0     0     0   101     0      0.000      0.000     10.000     10.000      0.000
     2         -1  dbar                23     0     0     0     0     0   101      0.000      0.000    -10.000     10.000      0.000
                                   Charge sum:  0.000           Momentum sum:      0.000      0.000      0.000     20.000     20.000

 --------  End PYTHIA Event Listing  -----------------------------------------------------------------------------------------------

 --------  PYTHIA Event Listing  (complete event)  ---------------------------------------------------------------------------------
 
    no         id  name            status     mothers   daughters     colours      p_x        p_y        p_z         e          m 
     0         90  (system)           -11     0     0     0     0     0     0      0.000      0.000      0.000     20.000     20.000
     1          1  (d)                -23     0     0     3     9   101     0      0.000      0.000     10.000     10.000      0.000
     2         -1  (dbar)             -23     0     0     3     9     0   101      0.000      0.000    -10.000     10.000      0.000
     3        111  pi0                 83     1     2     0     0     0     0      0.000      0.000      5.160      5.161      0.135
     4       -211  pi-                 83     1     2     0     0     0     0      0.000      0.000      0.038      0.145      0.140
     5        331  eta'                83     1     2     0     0     0     0      0.000      0.000      4.301      4.406      0.958
     6        211  pi+                 83     1     2     0     0     0     0      0.000      0.000      0.241      0.278      0.140
     7       1114  Delta-              84     1     2     0     0     0     0      0.000      0.000     -4.809      4.958      1.206
     8      -2112  nbar0               84     1     2     0     0     0     0      0.000      0.000     -3.931      4.042      0.940
     9        211  pi+                 84     1     2     0     0     0     0      0.000      0.000     -1.000      1.009      0.140
                                   Charge sum:  0.000           Momentum sum:      0.000      0.000      0.000     20.000     20.000

 --------  End PYTHIA Event Listing  -----------------------------------------------------------------------------------------------

 Pythia::next(): 100000 events have been generated 

 Pythia::next(): 200000 events have been generated 

 Pythia::next(): 300000 events have been generated 

 Pythia::next(): 400000 events have been generated 

 Pythia::next(): 500000 events have been generated 

 Pythia::next(): 600000 events have been generated 

 Pythia::next(): 700000 events have been generated 

 Pythia::next(): 800000 events have been generated 

 Pythia::next(): 900000 events have been generated 

 *-------  PYTHIA Error and Warning Messages Statistics  ----------------------------------------------------------* 
 |                                                                                                                 | 
 |  times   message                                                                                                | 
 |                                                                                                                 | 
 |      0   no errors or warnings to report                                                                        | 
 |                                                                                                                 | 
 *-------  End PYTHIA Error and Warning Messages Statistics  ------------------------------------------------------* 


  2025-07-30 16:11       Rapidity distribution dn/dy of primary hadrons

        3.12*10^ 5                                        6X6                  7X6                                      
        3.00*10^ 5                                        XXXX1              19XXX1                                     
        2.88*10^ 5                                       XXXXXX1             XXXXXX                                     
        2.76*10^ 5                                       XXXXXXX2          2XXXXXXX                                     
        2.64*10^ 5                                      3XXXXXXXX5        5XXXXXXXX2                                    
        2.52*10^ 5                                      XXXXXXXXXX61    17XXXXXXXXXX                                    
        2.40*10^ 5                                      XXXXXXXXXXXX6346XXXXXXXXXXXX                                    
        2.28*10^ 5                                      XXXXXXXXXXXXXXXXXXXXXXXXXXXX                                    
        2.16*10^ 5                                     5XXXXXXXXXXXXXXXXXXXXXXXXXXXX6                                   
        2.04*10^ 5                                     XXXXXXXXXXXXXXXXXXXXXXXXXXXXXX                                   
        1.92*10^ 5                                     XXXXXXXXXXXXXXXXXXXXXXXXXXXXXX                                   
        1.80*10^ 5                                     XXXXXXXXXXXXXXXXXXXXXXXXXXXXXX                                   
        1.68*10^ 5                                    1XXXXXXXXXXXXXXXXXXXXXXXXXXXXXX1                                  
        1.56*10^ 5                                    XXXXXXXXXXXXXXXXXXXXXXXXXXXXXXXX                                  
        1.44*10^ 5                                    XXXXXXXXXXXXXXXXXXXXXXXXXXXXXXXX                                  
        1.32*10^ 5                                    XXXXXXXXXXXXXXXXXXXXXXXXXXXXXXXX                                  
        1.20*10^ 5                                   3XXXXXXXXXXXXXXXXXXXXXXXXXXXXXXXX3                                 
        1.08*10^ 5                                   XXXXXXXXXXXXXXXXXXXXXXXXXXXXXXXXXX                                 
        0.96*10^ 5                                  4XXXXXXXXXXXXXXXXXXXXXXXXXXXXXXXXXX5                                
        0.84*10^ 5                                  XXXXXXXXXXXXXXXXXXXXXXXXXXXXXXXXXXXX                                
        0.72*10^ 5                                2XXXXXXXXXXXXXXXXXXXXXXXXXXXXXXXXXXXXXX1                              
        0.60*10^ 5                               4XXXXXXXXXXXXXXXXXXXXXXXXXXXXXXXXXXXXXXXX3                             
        0.48*10^ 5                              6XXXXXXXXXXXXXXXXXXXXXXXXXXXXXXXXXXXXXXXXXX6                            
        0.36*10^ 5                             8XXXXXXXXXXXXXXXXXXXXXXXXXXXXXXXXXXXXXXXXXXXX8                           
        0.24*10^ 5                            XXXXXXXXXXXXXXXXXXXXXXXXXXXXXXXXXXXXXXXXXXXXXXXX                          
        0.12*10^ 5                           9XXXXXXXXXXXXXXXXXXXXXXXXXXXXXXXXXXXXXXXXXXXXXXXX8                         

          Contents                                                                                                      
            *10^ 5  0000000000000000000000000000000001122233332222222222222222233322211000000000000000000000000000000000
            *10^ 4  0000000000000000000000000123456781515801008765443333445678901085151876543210000000000000000000000000
            *10^ 3  0000000000000000000000000033221191706862608667715235177669981784071911233300000000000000000000000000
            *10^ 2  0000000000000000000000000369929445130190719967042115195155019678719945248710000000000000000000000000

          Low edge  --------------------------------------------------                                                  
            *10^ 1  1000000000000000000000000000000000000000000000000000000000000000000000000000000000000000000000000000
            *10^ 0  0999998888877777666665555544444333332222211111000000000111112222233333444445555566666777778888899999
            *10^-1  0864208642086420864208642086420864208642086420864202468024680246802468024680246802468024680246802468

   Entries  =   9362950   xMin =   -10.000   Underflow = 0.000e+00   Mean   = 4.782e-04   RMS  = 2.125e+00
   SumW(in) = 9.363e+06   xMax =    10.000   Overflow  = 0.000e+00   Median = 1.180e-03   nEff = 9.363e+06

 *------------------------------------------------------------------------------------* 
 |                                                                                    | 
 |  *------------------------------------------------------------------------------*  | 
 |  |                                                                              |  | 
 |  |                                                                              |  | 
 |  |   PPP   Y   Y  TTTTT  H   H  III    A      Welcome to the Lund Monte Carlo!  |  | 
 |  |   P  P   Y Y     T    H   H   I    A A     This is PYTHIA version 8.315      |  | 
 |  |   PPP     Y      T    HHHHH   I   AAAAA    Last date of change: 27 May 2025  |  | 
 |  |   P       Y      T    H   H   I   A   A                                      |  | 
 |  |   P       Y      T    H   H  III  A   A    Now is 30 Jul 2025 at 16:11:46    |  | 
 |  |                                                                              |  | 
 |  |   Program documentation and an archive of historic versions is found on:     |  | 
 |  |                                                                              |  | 
 |  |                               https://pythia.org/                            |  | 
 |  |                                                                              |  | 
 |  |   PYTHIA is authored by a collaboration consisting of:                       |  | 
 |  |                                                                              |  | 
 |  |   Javira Altmann, Christian Bierlich, Naomi Cooke, Nishita Desai,            |  | 
 |  |   Ilkka Helenius, Philip Ilten, Leif Lonnblad, Stephen Mrenna,               |  | 
 |  |   Christian Preuss, Torbjorn Sjostrand, and Peter Skands.                    |  | 
 |  |                                                                              |  | 
 |  |   The complete list of authors, including contact information and            |  | 
 |  |   affiliations, can be found on https://pythia.org/.                         |  | 
 |  |   Problems or bugs should be reported on email at authors@pythia.org.        |  | 
 |  |                                                                              |  | 
 |  |   The main program reference is C. Bierlich et al,                           |  | 
 |  |   'A comprehensive guide to the physics and usage of Pythia 8.3',            |  | 
 |  |   SciPost Phys. Codebases 8-r8.3 (2022) [arXiv:2203.11601 [hep-ph]]          |  | 
 |  |                                                                              |  | 
 |  |   PYTHIA is released under the GNU General Public Licence version 2          |  | 
 |  |   or later. Please respect the MCnet Guidelines for Generator Authors        |  | 
 |  |   and Users.                                                                 |  | 
 |  |                                                                              |  | 
 |  |   Disclaimer: this program comes without any guarantees.                     |  | 
 |  |   Beware of errors and use common sense when interpreting results.           |  | 
 |  |                                                                              |  | 
 |  |   Copyright (C) 2025 Torbjorn Sjostrand                                      |  | 
 |  |                                                                              |  | 
 |  |                                                                              |  | 
 |  *------------------------------------------------------------------------------*  | 
 |                                                                                    | 
 *------------------------------------------------------------------------------------* 

Initialising PYTHIA for q-qbar hadronisation, string mass = 100.000

 *-------  PYTHIA Flag + Mode + Parm + Word + FVec + MVec + PVec + WVec Settings (changes only)  ------------------* 
 |                                                                                                                 | 
 | Name                                          |                      Now |      Default         Min         Max | 
 |                                               |                          |                                      | 
 | HadronLevel:Decay                             |                      off |           on                         | 
 | Next:numberCount                              |                   100000 |         1000           0             | 
 | ProcessLevel:all                              |                      off |           on                         | 
 | StringPT:sigma                                |                      0.0 |      0.33500         0.0     1.00000 | 
 | StringZ:useOldAExtra                          |                       on |          off                         | 
 |                                                                                                                 | 
 *-------  End PYTHIA Flag + Mode + Parm + Word + FVec + MVec + PVec + WVec Settings  -----------------------------* 

 --------  PYTHIA Particle Data Table (changed only)  ------------------------------------------------------------------------------
 
      id   name            antiName         spn chg col      m0        mWidth      mMin       mMax       tau0    res dec ext vis wid
             no onMode   bRatio   meMode     products 

 no particle data has been changed from its default value 

 --------  End PYTHIA Particle Data Table  -----------------------------------------------------------------------------------------


 --------  PYTHIA Event Listing  (complete event)  ---------------------------------------------------------------------------------
 
    no         id  name            status     mothers   daughters     colours      p_x        p_y        p_z         e          m 
     0         90  (system)           -11     0     0     0     0     0     0      0.000      0.000      0.000    100.000    100.000
     1          1  d                   23     0     0     0     0   101     0      0.000      0.000     50.000     50.000      0.000
     2         -1  dbar                23     0     0     0     0     0   101      0.000      0.000    -50.000     50.000      0.000
                                   Charge sum:  0.000           Momentum sum:      0.000      0.000      0.000    100.000    100.000

 --------  End PYTHIA Event Listing  -----------------------------------------------------------------------------------------------

 --------  PYTHIA Event Listing  (complete event)  ---------------------------------------------------------------------------------
 
    no         id  name            status     mothers   daughters     colours      p_x        p_y        p_z         e          m 
     0         90  (system)           -11     0     0     0     0     0     0      0.000      0.000      0.000    100.000    100.000
     1          1  (d)                -23     0     0     3    17   101     0      0.000      0.000     50.000     50.000      0.000
     2         -1  (dbar)             -23     0     0     3    17     0   101      0.000      0.000    -50.000     50.000      0.000
     3        111  pi0                 83     1     2     0     0     0     0      0.000      0.000     25.803     25.803      0.135
     4       -211  pi-                 83     1     2     0     0     0     0      0.000      0.000      0.447      0.468      0.140
     5        331  eta'                83     1     2     0     0     0     0      0.000      0.000     21.758     21.779      0.958
     6        211  pi+                 83     1     2     0     0     0     0      0.000      0.000      0.522      0.541      0.140
     7       -211  pi-                 83     1     2     0     0     0     0      0.000      0.000      0.141      0.199      0.140
     8        111  pi0                 83     1     2     0     0     0     0      0.000      0.000      0.882      0.892      0.135
     9        113  rho0                83     1     2     0     0     0     0      0.000      0.000     -0.692      0.948      0.648
    10        321  K+                  83     1     2     0     0     0     0      0.000      0.000     -0.339      0.599      0.494
    11       -311  Kbar0               84     1     2     0     0     0     0      0.000      0.000     -5.975      5.996      0.498
    12        223  omega               84     1     2     0     0     0     0      0.000      0.000     -3.038      3.136      0.777
    13       -211  pi-                 84     1     2     0     0     0     0      0.000      0.000     -1.150      1.158      0.140
    14        211  pi+                 84     1     2     0     0     0     0      0.000      0.000     -0.311      0.340      0.140
    15       1114  Delta-              84     1     2     0     0     0     0      0.000      0.000    -13.106     13.176      1.348
    16      -2112  nbar0               84     1     2     0     0     0     0      0.000      0.000    -19.921     19.943      0.940
    17        211  pi+                 84     1     2     0     0     0     0      0.000      0.000     -5.021      5.023      0.140
                                   Charge sum:  0.000           Momentum sum:      0.000      0.000      0.000    100.000    100.000

 --------  End PYTHIA Event Listing  -----------------------------------------------------------------------------------------------

 Pythia::next(): 100000 events have been generated 

 Pythia::next(): 200000 events have been generated 

 Pythia::next(): 300000 events have been generated 

 Pythia::next(): 400000 events have been generated 

 Pythia::next(): 500000 events have been generated 

 Pythia::next(): 600000 events have been generated 

 Pythia::next(): 700000 events have been generated 

 Pythia::next(): 800000 events have been generated 

 Pythia::next(): 900000 events have been generated 

 *-------  PYTHIA Error and Warning Messages Statistics  ----------------------------------------------------------* 
 |                                                                                                                 | 
 |  times   message                                                                                                | 
 |                                                                                                                 | 
 |      0   no errors or warnings to report                                                                        | 
 |                                                                                                                 | 
 *-------  End PYTHIA Error and Warning Messages Statistics  ------------------------------------------------------* 


  2025-07-30 16:12       Rapidity distribution dn/dy of primary hadrons

        3.48*10^ 5                                  11                                11                                
        3.36*10^ 5                                 7XX84                            47XX8                               
        3.24*10^ 5                                7XXXXXX5                        59XXXXX6                              
        3.12*10^ 5                                XXXXXXXX94                    5XXXXXXXXX                              
        3.00*10^ 5                               6XXXXXXXXXX81                17XXXXXXXXXX7                             
        2.88*10^ 5                               XXXXXXXXXXXXX5              4XXXXXXXXXXXXX                             
        2.76*10^ 5                               XXXXXXXXXXXXXX93          49XXXXXXXXXXXXXX                             
        2.64*10^ 5                              4XXXXXXXXXXXXXXXX952    269XXXXXXXXXXXXXXXX4                            
        2.52*10^ 5                              XXXXXXXXXXXXXXXXXXXXX89XXXXXXXXXXXXXXXXXXXXX                            
        2.40*10^ 5                              XXXXXXXXXXXXXXXXXXXXXXXXXXXXXXXXXXXXXXXXXXXX                            
        2.28*10^ 5                              XXXXXXXXXXXXXXXXXXXXXXXXXXXXXXXXXXXXXXXXXXXX                            
        2.16*10^ 5                             3XXXXXXXXXXXXXXXXXXXXXXXXXXXXXXXXXXXXXXXXXXXX3                           
        2.04*10^ 5                             XXXXXXXXXXXXXXXXXXXXXXXXXXXXXXXXXXXXXXXXXXXXXX                           
        1.92*10^ 5                             XXXXXXXXXXXXXXXXXXXXXXXXXXXXXXXXXXXXXXXXXXXXXX                           
        1.80*10^ 5                             XXXXXXXXXXXXXXXXXXXXXXXXXXXXXXXXXXXXXXXXXXXXXX                           
        1.68*10^ 5                             XXXXXXXXXXXXXXXXXXXXXXXXXXXXXXXXXXXXXXXXXXXXXX                           
        1.56*10^ 5                            6XXXXXXXXXXXXXXXXXXXXXXXXXXXXXXXXXXXXXXXXXXXXXX6                          
        1.44*10^ 5                            XXXXXXXXXXXXXXXXXXXXXXXXXXXXXXXXXXXXXXXXXXXXXXXX                          
        1.32*10^ 5                            XXXXXXXXXXXXXXXXXXXXXXXXXXXXXXXXXXXXXXXXXXXXXXXX                          
        1.20*10^ 5                            XXXXXXXXXXXXXXXXXXXXXXXXXXXXXXXXXXXXXXXXXXXXXXXX                          
        1.08*10^ 5                           8XXXXXXXXXXXXXXXXXXXXXXXXXXXXXXXXXXXXXXXXXXXXXXXX8                         
        0.96*10^ 5                           XXXXXXXXXXXXXXXXXXXXXXXXXXXXXXXXXXXXXXXXXXXXXXXXXX                         
        0.84*10^ 5                          8XXXXXXXXXXXXXXXXXXXXXXXXXXXXXXXXXXXXXXXXXXXXXXXXXX9                        
        0.72*10^ 5                         4XXXXXXXXXXXXXXXXXXXXXXXXXXXXXXXXXXXXXXXXXXXXXXXXXXXX4                       
        0.60*10^ 5                        5XXXXXXXXXXXXXXXXXXXXXXXXXXXXXXXXXXXXXXXXXXXXXXXXXXXXXX5                      
        0.48*10^ 5                      18XXXXXXXXXXXXXXXXXXXXXXXXXXXXXXXXXXXXXXXXXXXXXXXXXXXXXXXX81                    
        0.36*10^ 5                     3XXXXXXXXXXXXXXXXXXXXXXXXXXXXXXXXXXXXXXXXXXXXXXXXXXXXXXXXXXXX3                   
        0.24*10^ 5                    5XXXXXXXXXXXXXXXXXXXXXXXXXXXXXXXXXXXXXXXXXXXXXXXXXXXXXXXXXXXXXX5                  
        0.12*10^ 5                   6XXXXXXXXXXXXXXXXXXXXXXXXXXXXXXXXXXXXXXXXXXXXXXXXXXXXXXXXXXXXXXXX6                 

          Contents                                                                                                      
            *10^ 5  0000000000000000000000000112223333333333222222222222222222223333333333222110000000000000000000000000
            *10^ 4  0000000000000000001234568050592333322110988766555455556678890112233331950508654321000000000000000000
            *10^ 3  0000000000000000077775441517650267383815791583842902392851966282827739677152445678600000000000000000
            *10^ 2  0000000000000000018815137372754497485033569101281866917832650359652457132518633950900000000000000000

          Low edge  --------------------------------------------------                                                  
            *10^ 1  1000000000000000000000000000000000000000000000000000000000000000000000000000000000000000000000000000
            *10^ 0  0999998888877777666665555544444333332222211111000000000111112222233333444445555566666777778888899999
            *10^-1  0864208642086420864208642086420864208642086420864202468024680246802468024680246802468024680246802468

   Entries  =  14581908   xMin =   -10.000   Underflow = 0.000e+00   Mean   = 4.632e-04   RMS  = 2.974e+00
   SumW(in) = 1.458e+07   xMax =    10.000   Overflow  = 0.000e+00   Median = 1.102e-03   nEff = 1.458e+07
